/*C12*/SET SCHEMA PUBLIC
INSERT INTO MAP_SECTOR_ENTITY VALUES('Cluster_601_Sector001_macro',4,'Watchful Gaze',0.41E0)
INSERT INTO MAP_SECTOR_ENTITY VALUES('Cluster_602_Sector001_macro',4,'Barren Shores',0.83E0)
INSERT INTO MAP_SECTOR_ENTITY VALUES('Cluster_603_Sector001_macro',4,'Great Reef',1.28E0)
INSERT INTO MAP_SECTOR_ENTITY VALUES('Cluster_604_Sector001_macro',4,'Ocean of Fantasy',0.12E0)
INSERT INTO MAP_SECTOR_ENTITY VALUES('Cluster_605_Sector001_macro',4,'Sanctuary of Darkness',1.74E0)
INSERT INTO MAP_SECTOR_ENTITY VALUES('Cluster_606_Sector001_macro',4,'Kingdom End I',1.18E0)
INSERT INTO MAP_SECTOR_ENTITY VALUES('Cluster_606_Sector002_macro',4,'Reflected Stars',1.18E0)
INSERT INTO MAP_SECTOR_ENTITY VALUES('Cluster_606_Sector003_macro',4,'Towering Wave',1.18E0)
INSERT INTO MAP_SECTOR_ENTITY VALUES('Cluster_607_Sector001_macro',4,'Rolk''s Demise',0.15E0)
INSERT INTO MAP_SECTOR_ENTITY VALUES('Cluster_608_Sector001_macro',4,'Atreus'' Clouds',0.41E0)
INSERT INTO MAP_SECTOR_ENTITY VALUES('Cluster_609_Sector001_macro',4,'Menelaus'' Oasis',2.71E0)
INSERT INTO MAP_SECTOR_ENTITY VALUES('Cluster_730_Sector001_macro',6,'Third Redemption',1.0E0)
INSERT INTO MAP_SECTOR_ENTITY VALUES('Cluster_500_Sector001_macro',3,'Avarice I',13.9E0)
INSERT INTO MAP_SECTOR_ENTITY VALUES('Cluster_500_Sector002_macro',3,'Avarice V Dead End',13.9E0)
INSERT INTO MAP_SECTOR_ENTITY VALUES('Cluster_500_Sector003_macro',3,'Avarice IV',13.9E0)
INSERT INTO MAP_SECTOR_ENTITY VALUES('Cluster_501_Sector001_macro',3,'Windfall I Union Summit',0.2E0)
INSERT INTO MAP_SECTOR_ENTITY VALUES('Cluster_502_Sector001_macro',3,'Windfall III The Hoard',0.16E0)
INSERT INTO MAP_SECTOR_ENTITY VALUES('Cluster_503_Sector001_macro',3,'Windfall IV Aurora''s Dream',0.11E0)
INSERT INTO MAP_SECTOR_ENTITY VALUES('Cluster_504_Sector001_macro',3,'Unknown System',0.05E0)
INSERT INTO MAP_SECTOR_ENTITY VALUES('Cluster_400_Sector001_macro',1,'Wretched Skies IV Family Valka',1.3E0)
INSERT INTO MAP_SECTOR_ENTITY VALUES('Cluster_401_Sector001_macro',1,'Family Zhin',0.71E0)
INSERT INTO MAP_SECTOR_ENTITY VALUES('Cluster_402_Sector001_macro',1,'Family Kritt',2.39E0)
INSERT INTO MAP_SECTOR_ENTITY VALUES('Cluster_403_Sector001_macro',1,'Wretched Skies V Family Phi',1.23E0)
INSERT INTO MAP_SECTOR_ENTITY VALUES('Cluster_404_Sector001_macro',1,'Zyarth''s Dominion I',1.42E0)
INSERT INTO MAP_SECTOR_ENTITY VALUES('Cluster_405_Sector001_macro',1,'Zyarth''s Dominion IV',2.1E0)
INSERT INTO MAP_SECTOR_ENTITY VALUES('Cluster_406_Sector001_macro',1,'Zyarth''s Dominion X',1.51E0)
INSERT INTO MAP_SECTOR_ENTITY VALUES('Cluster_407_Sector001_macro',1,'Family Tkr',0.89E0)
INSERT INTO MAP_SECTOR_ENTITY VALUES('Cluster_408_Sector001_macro',1,'Thuruk''s Demise III',0.59E0)
INSERT INTO MAP_SECTOR_ENTITY VALUES('Cluster_408_Sector002_macro',1,'Thuruk''s Demise II First Impact',0.71E0)
INSERT INTO MAP_SECTOR_ENTITY VALUES('Cluster_409_Sector001_macro',1,'Tharka''s Ravine XXIV',1.09E0)
INSERT INTO MAP_SECTOR_ENTITY VALUES('Cluster_410_Sector001_macro',1,'Tharka''s Ravine XVI',1.17E0)
INSERT INTO MAP_SECTOR_ENTITY VALUES('Cluster_411_Sector001_macro',1,'Heart of Acrimony II',2.45E0)
INSERT INTO MAP_SECTOR_ENTITY VALUES('Cluster_412_Sector001_macro',1,'Tharka''s Ravine VIII',1.26E0)
INSERT INTO MAP_SECTOR_ENTITY VALUES('Cluster_413_Sector001_macro',1,'Tharka''s Ravine IV Tharka''s Fall',1.31E0)
INSERT INTO MAP_SECTOR_ENTITY VALUES('Cluster_414_Sector001_macro',1,'Rhy''s Defiance',1.63E0)
INSERT INTO MAP_SECTOR_ENTITY VALUES('Cluster_415_Sector001_macro',1,'Matrix #598',0.77E0)
INSERT INTO MAP_SECTOR_ENTITY VALUES('Cluster_416_Sector001_macro',1,'Guiding Star V',0.83E0)
INSERT INTO MAP_SECTOR_ENTITY VALUES('Cluster_416_Sector002_macro',1,'Guiding Star VII',0.71E0)
INSERT INTO MAP_SECTOR_ENTITY VALUES('Cluster_417_Sector001_macro',1,'Eleventh Hour',1.18E0)
INSERT INTO MAP_SECTOR_ENTITY VALUES('Cluster_418_Sector001_macro',1,'Family Nhuut',0.85E0)
INSERT INTO MAP_SECTOR_ENTITY VALUES('Cluster_419_Sector001_macro',1,'Open Market',0.88E0)
INSERT INTO MAP_SECTOR_ENTITY VALUES('Cluster_420_Sector001_macro',1,'Two Grand',1.33E0)
INSERT INTO MAP_SECTOR_ENTITY VALUES('Cluster_421_Sector001_macro',1,'Fires of Defeat',0.81E0)
INSERT INTO MAP_SECTOR_ENTITY VALUES('Cluster_422_Sector001_macro',1,'Wretched Skies X',1.08E0)
INSERT INTO MAP_SECTOR_ENTITY VALUES('Cluster_423_Sector001_macro',1,'Litany of Fury IX',0.42E0)
INSERT INTO MAP_SECTOR_ENTITY VALUES('Cluster_423_Sector002_macro',1,'Litany of Fury XII',0.32E0)
INSERT INTO MAP_SECTOR_ENTITY VALUES('Cluster_424_Sector001_macro',1,'Emperor''s Pride IV',0.71E0)
INSERT INTO MAP_SECTOR_ENTITY VALUES('Cluster_424_Sector002_macro',1,'Emperor''s Pride VI',0.65E0)
INSERT INTO MAP_SECTOR_ENTITY VALUES('Cluster_425_Sector001_macro',1,'Heart of Acrimony I The Boneyard',0.64E0)
INSERT INTO MAP_SECTOR_ENTITY VALUES('Cluster_100_Sector001_macro',2,'Asteroid Belt',0.13E0)
INSERT INTO MAP_SECTOR_ENTITY VALUES('Cluster_101_Sector001_macro',2,'Mars',0.44E0)
INSERT INTO MAP_SECTOR_ENTITY VALUES('Cluster_102_Sector001_macro',2,'Venus',1.89E0)
INSERT INTO MAP_SECTOR_ENTITY VALUES('Cluster_104_Sector001_macro',2,'Earth',1.0E0)
INSERT INTO MAP_SECTOR_ENTITY VALUES('Cluster_104_Sector002_macro',2,'The Moon',1.05E0)
INSERT INTO MAP_SECTOR_ENTITY VALUES('Cluster_106_Sector001_macro',2,'Mercury',7.14E0)
INSERT INTO MAP_SECTOR_ENTITY VALUES('Cluster_107_Sector001_macro',2,'Jupiter',0.1E0)
INSERT INTO MAP_SECTOR_ENTITY VALUES('Cluster_108_Sector001_macro',2,'Saturn Alpha',0.08E0)
INSERT INTO MAP_SECTOR_ENTITY VALUES('Cluster_108_Sector003_macro',2,'Saturn Beta',0.08E0)
INSERT INTO MAP_SECTOR_ENTITY VALUES('Cluster_108_Sector002_macro',2,'Titan',0.08E0)
INSERT INTO MAP_SECTOR_ENTITY VALUES('Cluster_109_Sector001_macro',2,'Uranus',0.07E0)
INSERT INTO MAP_SECTOR_ENTITY VALUES('Cluster_110_Sector001_macro',2,'Neptune',0.06E0)
INSERT INTO MAP_SECTOR_ENTITY VALUES('Cluster_111_Sector001_macro',2,'Pluto',0.05E0)
INSERT INTO MAP_SECTOR_ENTITY VALUES('Cluster_116_Sector001_macro',2,'Oort Cloud',0.02E0)
INSERT INTO MAP_SECTOR_ENTITY VALUES('Cluster_112_Sector001_macro',2,'Savage Spur I',1.17E0)
INSERT INTO MAP_SECTOR_ENTITY VALUES('Cluster_112_Sector002_macro',2,'Savage Spur II',1.25E0)
INSERT INTO MAP_SECTOR_ENTITY VALUES('Cluster_113_Sector001_macro',2,'Segaris',1.87E0)
INSERT INTO MAP_SECTOR_ENTITY VALUES('Cluster_114_Sector001_macro',2,'Gaian Prophecy',2.08E0)
INSERT INTO MAP_SECTOR_ENTITY VALUES('Cluster_115_Sector001_macro',2,'Brennan''s Triumph',1.22E0)
INSERT INTO MAP_SECTOR_ENTITY VALUES('cluster_701_Sector001_macro',5,'Mitsuno''s Revelation',1.18E0)
INSERT INTO MAP_SECTOR_ENTITY VALUES('cluster_702_Sector001_macro',5,'Mitsuno''s Defiance',1.11E0)
INSERT INTO MAP_SECTOR_ENTITY VALUES('cluster_703_Sector001_macro',5,'Mitsuno''s Sacrifice',1.06E0)
INSERT INTO MAP_SECTOR_ENTITY VALUES('cluster_704_Sector001_macro',5,'President''s End',0.71E0)
INSERT INTO MAP_SECTOR_ENTITY VALUES('cluster_705_Sector001_macro',5,'Nopileos'' Memorial',1.63E0)
INSERT INTO MAP_SECTOR_ENTITY VALUES('cluster_706_Sector001_macro',5,'Hatikvah''s Faith',0.88E0)
INSERT INTO MAP_SECTOR_ENTITY VALUES('cluster_708_Sector001_macro',5,'Matrix #101',4.08E0)
INSERT INTO MAP_SECTOR_ENTITY VALUES('Cluster_01_Sector001_macro',0,'Grand Exchange I',1.23E0)
INSERT INTO MAP_SECTOR_ENTITY VALUES('Cluster_01_Sector002_macro',0,'Grand Exchange III',1.35E0)
INSERT INTO MAP_SECTOR_ENTITY VALUES('Cluster_01_Sector003_macro',0,'Grand Exchange IV',1.29E0)
INSERT INTO MAP_SECTOR_ENTITY VALUES('Cluster_02_Sector001_macro',0,'Eighteen Billion',0.9E0)
INSERT INTO MAP_SECTOR_ENTITY VALUES('Cluster_03_Sector001_macro',0,'Memory of Profit IX',1.15E0)
INSERT INTO MAP_SECTOR_ENTITY VALUES('Cluster_04_Sector001_macro',0,'Nopileos'' Fortune II',0.82E0)
INSERT INTO MAP_SECTOR_ENTITY VALUES('Cluster_04_Sector002_macro',0,'Nopileos'' Fortune VI',0.78E0)
INSERT INTO MAP_SECTOR_ENTITY VALUES('Cluster_05_Sector001_macro',0,'Path to Profit',1.43E0)
INSERT INTO MAP_SECTOR_ENTITY VALUES('Cluster_06_Sector001_macro',0,'Black Hole Sun IV',1.16E0)
INSERT INTO MAP_SECTOR_ENTITY VALUES('Cluster_06_Sector002_macro',0,'Black Hole Sun V',1.19E0)
INSERT INTO MAP_SECTOR_ENTITY VALUES('Cluster_07_Sector001_macro',0,'The Reach',3.67E0)
INSERT INTO MAP_SECTOR_ENTITY VALUES('Cluster_08_Sector001_macro',0,'Silent Witness I',0.98E0)
INSERT INTO MAP_SECTOR_ENTITY VALUES('Cluster_09_Sector001_macro',0,'Bright Promise',2.04E0)
INSERT INTO MAP_SECTOR_ENTITY VALUES('Cluster_10_Sector001_macro',0,'Unholy Retribution',1.63E0)
INSERT INTO MAP_SECTOR_ENTITY VALUES('Cluster_11_Sector001_macro',0,'Pontifex''s Claim',1.94E0)
INSERT INTO MAP_SECTOR_ENTITY VALUES('Cluster_12_Sector001_macro',0,'True Sight',0.71E0)
INSERT INTO MAP_SECTOR_ENTITY VALUES('Cluster_13_Sector001_macro',0,'Second Contact II Flashpoint',0.59E0)
INSERT INTO MAP_SECTOR_ENTITY VALUES('Cluster_14_Sector001_macro',0,'Argon Prime',1.0E0)
INSERT INTO MAP_SECTOR_ENTITY VALUES('Cluster_15_Sector001_macro',0,'Ianamus Zura IV',1.33E0)
INSERT INTO MAP_SECTOR_ENTITY VALUES('Cluster_15_Sector002_macro',0,'Ianamus Zura VII',1.15E0)
INSERT INTO MAP_SECTOR_ENTITY VALUES('Cluster_16_Sector001_macro',0,'Matrix #451',2.01E0)
INSERT INTO MAP_SECTOR_ENTITY VALUES('Cluster_17_Sector001_macro',0,'Matrix #9',1.0E0)
INSERT INTO MAP_SECTOR_ENTITY VALUES('Cluster_18_Sector001_macro',0,'Trinity Sanctum III',1.33E0)
INSERT INTO MAP_SECTOR_ENTITY VALUES('Cluster_19_Sector001_macro',0,'Hewa''s Twin I',1.16E0)
INSERT INTO MAP_SECTOR_ENTITY VALUES('Cluster_19_Sector002_macro',0,'Hewa''s Twin II',1.02E0)
INSERT INTO MAP_SECTOR_ENTITY VALUES('Cluster_20_Sector001_macro',0,'Company Regard',0.83E0)
INSERT INTO MAP_SECTOR_ENTITY VALUES('Cluster_21_Sector001_macro',0,'Scale Plate Green I',1.26E0)
INSERT INTO MAP_SECTOR_ENTITY VALUES('Cluster_21_Sector002_macro',0,'Scale Plate Green VII',1.15E0)
INSERT INTO MAP_SECTOR_ENTITY VALUES('Cluster_22_Sector001_macro',0,'Pious Mists II',1.36E0)
INSERT INTO MAP_SECTOR_ENTITY VALUES('Cluster_23_Sector001_macro',0,'Sacred Relic',0.71E0)
INSERT INTO MAP_SECTOR_ENTITY VALUES('Cluster_24_Sector001_macro',0,'Holy Vision',2.08E0)
INSERT INTO MAP_SECTOR_ENTITY VALUES('Cluster_25_Sector001_macro',0,'Faulty Logic I',1.77E0)
INSERT INTO MAP_SECTOR_ENTITY VALUES('Cluster_25_Sector002_macro',0,'Faulty Logic VII',1.47E0)
INSERT INTO MAP_SECTOR_ENTITY VALUES('Cluster_26_Sector001_macro',0,'Atiya''s Misfortune I',1.09E0)
INSERT INTO MAP_SECTOR_ENTITY VALUES('Cluster_26_Sector002_macro',0,'Atiya''s Misfortune III',0.93E0)
INSERT INTO MAP_SECTOR_ENTITY VALUES('Cluster_27_Sector001_macro',0,'The Void',1.64E0)
INSERT INTO MAP_SECTOR_ENTITY VALUES('Cluster_28_Sector001_macro',0,'Antigone Memorial',1.26E0)
INSERT INTO MAP_SECTOR_ENTITY VALUES('Cluster_29_Sector001_macro',0,'Hatikvah''s Choice I',1.12E0)
INSERT INTO MAP_SECTOR_ENTITY VALUES('Cluster_29_Sector002_macro',0,'Hatikvah''s Choice III',0.91E0)
INSERT INTO MAP_SECTOR_ENTITY VALUES('Cluster_30_Sector001_macro',0,'Morning Star III',0.76E0)
INSERT INTO MAP_SECTOR_ENTITY VALUES('Cluster_31_Sector001_macro',0,'Heretic''s End',1.81E0)
INSERT INTO MAP_SECTOR_ENTITY VALUES('Cluster_32_Sector001_macro',0,'Tharka''s Cascade XV',1.42E0)
INSERT INTO MAP_SECTOR_ENTITY VALUES('Cluster_32_Sector002_macro',0,'Tharka''s Cascade XVII',1.29E0)
INSERT INTO MAP_SECTOR_ENTITY VALUES('Cluster_33_Sector001_macro',0,'Matrix #79B',2.39E0)
INSERT INTO MAP_SECTOR_ENTITY VALUES('Cluster_34_Sector001_macro',0,'Profit Center Alpha',0.79E0)
INSERT INTO MAP_SECTOR_ENTITY VALUES('Cluster_35_Sector001_macro',0,'Lasting Vengeance',1.0E0)
INSERT INTO MAP_SECTOR_ENTITY VALUES('Cluster_36_Sector001_macro',0,'Cardinal''s Redress',0.88E0)
INSERT INTO MAP_SECTOR_ENTITY VALUES('Cluster_37_Sector001_macro',0,'Pious Mists IV',0.89E0)
INSERT INTO MAP_SECTOR_ENTITY VALUES('Cluster_38_Sector001_macro',0,'Pious Mists XI',1.18E0)
INSERT INTO MAP_SECTOR_ENTITY VALUES('Cluster_39_Sector001_macro',0,'Memory of Profit X',1.06E0)
INSERT INTO MAP_SECTOR_ENTITY VALUES('Cluster_40_Sector001_macro',0,'Second Contact VII',0.55E0)
INSERT INTO MAP_SECTOR_ENTITY VALUES('Cluster_41_Sector001_macro',0,'Second Contact XI',0.47E0)
INSERT INTO MAP_SECTOR_ENTITY VALUES('Cluster_42_Sector001_macro',0,'Hewa''s Twin III',0.86E0)
INSERT INTO MAP_SECTOR_ENTITY VALUES('Cluster_42_Sector002_macro',0,'Hewa''s Twin IV The Cove',0.91E0)
INSERT INTO MAP_SECTOR_ENTITY VALUES('Cluster_43_Sector001_macro',0,'Hewa''s Twin V',0.82E0)
INSERT INTO MAP_SECTOR_ENTITY VALUES('Cluster_44_Sector001_macro',0,'Silent Witness XI',1.18E0)
INSERT INTO MAP_SECTOR_ENTITY VALUES('Cluster_45_Sector001_macro',0,'Silent Witness XII',1.47E0)
INSERT INTO MAP_SECTOR_ENTITY VALUES('Cluster_46_Sector001_macro',0,'Morning Star IV',0.65E0)
INSERT INTO MAP_SECTOR_ENTITY VALUES('Cluster_47_Sector001_macro',0,'Trinity Sanctum VII',1.06E0)
INSERT INTO MAP_SECTOR_ENTITY VALUES('Cluster_48_Sector001_macro',0,'Getsu Fune',0.93E0)
INSERT INTO MAP_SECTOR_ENTITY VALUES('Cluster_49_Sector001_macro',0,'Frontier Edge',1.72E0)
INSERT INTO MAP_SECTOR_ENTITY VALUES('Cluster_50_Sector001_macro',0,'Turquoise Sea IX',1.41E0)
INSERT INTO MAP_SECTOR_ENTITY VALUES('Cluster_50_Sector002_macro',0,'Turquoise Sea X',1.28E0)
INSERT INTO MAP_SECTOR_ENTITY VALUES('cluster_709_Sector001_macro',0,'Cardinal''s Domain',1.24E0)
INSERT INTO MAP_SECTOR_ENTITY VALUES('cluster_710_Sector001_macro',0,'Moo-Kye''s Revenge',0.93E0)
INSERT INTO MAP_SECTOR_ENTITY VALUES('cluster_711_Sector001_macro',0,'Mi Ton''s Refuge',0.53E0)
INSERT INTO MAP_SECTOR_ENTITY VALUES('cluster_712_Sector001_macro',0,'Loomanckstrat''s Legacy',0.02E0)
INSERT INTO MAP_SECTOR_ENTITY VALUES('cluster_713_Sector001_macro',0,'CEO''s Doubt',0.82E0)
INSERT INTO MAP_SECTOR_ENTITY VALUES('cluster_714_Sector001_macro',0,'Freedom''s Reach',2.21E0)
INSERT INTO MAP_SECTOR_ENTITY VALUES('cluster_715_Sector001_macro',0,'Mists of Artemis',1.41E0)
INSERT INTO MAP_SECTOR_ENTITY VALUES('cluster_720_Sector001_macro',0,'Ore Belt',1.34E0)
INSERT INTO MAP_SECTOR_ENTITY VALUES('cluster_721_Sector001_macro',0,'Adventure''s Promise',0.71E0)
INSERT INTO MAP_SECTOR_ENTITY VALUES('cluster_722_Sector001_macro',0,'Sanctum Verge',0.89E0)
INSERT INTO MAP_SECTOR_ENTITY VALUES('cluster_723_Sector001_macro',0,'Tempting Fumes',1.66E0)
INSERT INTO MAP_SECTOR_ENTITY VALUES('cluster_724_Sector001_macro',0,'Circle of Deceit',1.42E0)
COMMIT
DISCONNECT
/*C13*/SET SCHEMA PUBLIC
DISCONNECT
/*C14*/SET SCHEMA PUBLIC
DISCONNECT
/*C15*/SET SCHEMA PUBLIC
DISCONNECT
/*C16*/SET SCHEMA PUBLIC
DISCONNECT
/*C17*/SET SCHEMA PUBLIC
DISCONNECT
/*C18*/SET SCHEMA PUBLIC
DISCONNECT
/*C19*/SET SCHEMA PUBLIC
DISCONNECT
/*C20*/SET SCHEMA PUBLIC
DISCONNECT
/*C21*/SET SCHEMA PUBLIC
DISCONNECT
